2022-03-23 00:10:24.213 [SpringApplicationShutdownHook] INFO  com.zaxxer.hikari.HikariDataSource - HikariPool-1 - Shutdown initiated...
2022-03-23 00:10:24.230 [SpringApplicationShutdownHook] INFO  com.zaxxer.hikari.HikariDataSource - HikariPool-1 - Shutdown completed.
2022-03-23 07:48:07.858 [main] INFO  com.xiaobai.RbacApplication - Starting RbacApplication using Java 1.8.0_181 on DESKTOP-VSPOVQC with PID 4192 (E:\程序代码\idea\rbac\target\classes started by xiaobai in E:\程序代码\idea\rbac)
2022-03-23 07:48:07.882 [main] INFO  com.xiaobai.RbacApplication - No active profile set, falling back to 1 default profile: "default"
2022-03-23 07:48:10.277 [main] INFO  o.s.d.r.config.RepositoryConfigurationDelegate - Multiple Spring Data modules found, entering strict repository configuration mode!
2022-03-23 07:48:10.280 [main] INFO  o.s.d.r.config.RepositoryConfigurationDelegate - Bootstrapping Spring Data Redis repositories in DEFAULT mode.
2022-03-23 07:48:10.305 [main] INFO  o.s.d.r.config.RepositoryConfigurationDelegate - Finished Spring Data repository scanning in 11 ms. Found 0 Redis repository interfaces.
2022-03-23 07:48:11.364 [main] INFO  o.s.boot.web.embedded.tomcat.TomcatWebServer - Tomcat initialized with port(s): 9999 (http)
2022-03-23 07:48:11.372 [main] INFO  org.apache.coyote.http11.Http11NioProtocol - Initializing ProtocolHandler ["http-nio-9999"]
2022-03-23 07:48:11.372 [main] INFO  org.apache.catalina.core.StandardService - Starting service [Tomcat]
2022-03-23 07:48:11.373 [main] INFO  org.apache.catalina.core.StandardEngine - Starting Servlet engine: [Apache Tomcat/9.0.58]
2022-03-23 07:48:11.463 [main] INFO  o.a.c.core.ContainerBase.[Tomcat].[localhost].[/] - Initializing Spring embedded WebApplicationContext
2022-03-23 07:48:11.463 [main] INFO  o.s.b.w.s.c.ServletWebServerApplicationContext - Root WebApplicationContext: initialization completed in 3484 ms
2022-03-23 07:48:14.237 [main] INFO  o.s.security.web.DefaultSecurityFilterChain - Will not secure any request
2022-03-23 07:48:14.314 [main] INFO  org.apache.coyote.http11.Http11NioProtocol - Starting ProtocolHandler ["http-nio-9999"]
2022-03-23 07:48:14.327 [main] INFO  o.s.boot.web.embedded.tomcat.TomcatWebServer - Tomcat started on port(s): 9999 (http) with context path ''
2022-03-23 07:48:14.334 [main] INFO  com.xiaobai.RbacApplication - Started RbacApplication in 7.451 seconds (JVM running for 9.223)
2022-03-23 08:35:06.153 [http-nio-9999-exec-2] INFO  o.a.c.core.ContainerBase.[Tomcat].[localhost].[/] - Initializing Spring DispatcherServlet 'dispatcherServlet'
2022-03-23 08:35:06.153 [http-nio-9999-exec-2] INFO  org.springframework.web.servlet.DispatcherServlet - Initializing Servlet 'dispatcherServlet'
2022-03-23 08:35:06.155 [http-nio-9999-exec-2] INFO  org.springframework.web.servlet.DispatcherServlet - Completed initialization in 2 ms
2022-03-23 08:35:08.620 [http-nio-9999-exec-1] INFO  com.zaxxer.hikari.HikariDataSource - HikariPool-1 - Starting...
2022-03-23 08:35:09.072 [http-nio-9999-exec-1] INFO  com.zaxxer.hikari.HikariDataSource - HikariPool-1 - Start completed.
2022-03-23 09:48:16.876 [http-nio-9999-exec-5] INFO  com.xiaobai.aspect.LogAspect - ==========Start==========
2022-03-23 09:48:16.878 [http-nio-9999-exec-5] INFO  com.xiaobai.aspect.LogAspect - URL               ：http://localhost:9999/user/logout
2022-03-23 09:48:16.879 [http-nio-9999-exec-5] INFO  com.xiaobai.aspect.LogAspect - BusinessName      ：用户退出
2022-03-23 09:48:16.879 [http-nio-9999-exec-5] INFO  com.xiaobai.aspect.LogAspect - Http Method       ：POST
2022-03-23 09:48:16.879 [http-nio-9999-exec-5] INFO  com.xiaobai.aspect.LogAspect - Class Method      ：com.xiaobai.controller.LoginController.logout
2022-03-23 09:48:16.879 [http-nio-9999-exec-5] INFO  com.xiaobai.aspect.LogAspect - IP                ：0:0:0:0:0:0:0:1
2022-03-23 09:48:16.879 [http-nio-9999-exec-5] INFO  com.xiaobai.aspect.LogAspect - Request Args      ：[]
2022-03-23 09:48:16.903 [http-nio-9999-exec-5] INFO  com.xiaobai.aspect.LogAspect - Response          ：{"code":200,"msg":"操作成功"}
2022-03-23 09:48:16.959 [http-nio-9999-exec-5] INFO  com.xiaobai.aspect.LogAspect - ==========End==========

2022-03-23 09:48:18.331 [http-nio-9999-exec-7] INFO  com.xiaobai.aspect.LogAspect - ==========Start==========
2022-03-23 09:48:18.331 [http-nio-9999-exec-7] INFO  com.xiaobai.aspect.LogAspect - URL               ：http://localhost:9999/user/login
2022-03-23 09:48:18.331 [http-nio-9999-exec-7] INFO  com.xiaobai.aspect.LogAspect - BusinessName      ：用户登录
2022-03-23 09:48:18.331 [http-nio-9999-exec-7] INFO  com.xiaobai.aspect.LogAspect - Http Method       ：POST
2022-03-23 09:48:18.331 [http-nio-9999-exec-7] INFO  com.xiaobai.aspect.LogAspect - Class Method      ：com.xiaobai.controller.LoginController.login
2022-03-23 09:48:18.331 [http-nio-9999-exec-7] INFO  com.xiaobai.aspect.LogAspect - IP                ：0:0:0:0:0:0:0:1
2022-03-23 09:48:18.334 [http-nio-9999-exec-7] INFO  com.xiaobai.aspect.LogAspect - Request Args      ：[{"password":"1","userName":"xb"}]
2022-03-23 09:48:18.655 [http-nio-9999-exec-7] INFO  com.xiaobai.aspect.LogAspect - Response          ：{"code":200,"data":{"roles":[{"children":[],"component":"index/Index","id":1,"menuName":"首页","path":"/index","perms":"index","remark":"首页"},{"children":[{"children":[],"component":"system/menu/Menu","createTime":1647616793000,"delFlag":0,"id":3,"menuName":"菜单管理","parentId":2,"path":"/menu","perms":"menu","remark":"菜单管理","status":"0","updateTime":1647616795000,"visible":"0"}],"component":"system/System","id":2,"menuName":"系统设置","path":"/system","perms":"system","remark":"系统管理"}],"user":{"email":"56844285@qq.com","id":1,"nickName":"小白","phone":"13524685246","roleName":"ROLE_ADMIN","sex":"0","status":"0","userAvatar":"https://w.wallhaven.cc/full/dp/wallhaven-dpqjwj.jpg","userName":"xb","userType":"0"},"token":"eyJhbGciOiJIUzI1NiJ9.eyJqdGkiOiJhNTRmNWNiNWUxYTU0MDFmYWQ5YTYyNWRhOWUwMjc0OSIsInN1YiI6IjEiLCJpc3MiOiJ4aWFvYmFpIiwiaWF0IjoxNjQ4MDAwMDk4LCJleHAiOjE2NDgwODY0OTh9.CuUH__7qNMBdQwsqlBn_Wva8-Lmd5KTfYivl61rQFps"},"msg":"操作成功"}
2022-03-23 09:48:18.660 [http-nio-9999-exec-7] INFO  com.xiaobai.aspect.LogAspect - ==========End==========

2022-03-23 11:18:45.078 [SpringApplicationShutdownHook] INFO  com.zaxxer.hikari.HikariDataSource - HikariPool-1 - Shutdown initiated...
2022-03-23 11:18:45.082 [SpringApplicationShutdownHook] INFO  com.zaxxer.hikari.HikariDataSource - HikariPool-1 - Shutdown completed.
2022-03-23 11:18:54.833 [main] INFO  com.xiaobai.RbacApplication - Starting RbacApplication using Java 1.8.0_181 on DESKTOP-VSPOVQC with PID 4940 (E:\程序代码\idea\rbac\target\classes started by xiaobai in E:\程序代码\idea\rbac)
2022-03-23 11:18:54.839 [main] INFO  com.xiaobai.RbacApplication - No active profile set, falling back to 1 default profile: "default"
2022-03-23 11:18:56.458 [main] INFO  o.s.d.r.config.RepositoryConfigurationDelegate - Multiple Spring Data modules found, entering strict repository configuration mode!
2022-03-23 11:18:56.461 [main] INFO  o.s.d.r.config.RepositoryConfigurationDelegate - Bootstrapping Spring Data Redis repositories in DEFAULT mode.
2022-03-23 11:18:56.485 [main] INFO  o.s.d.r.config.RepositoryConfigurationDelegate - Finished Spring Data repository scanning in 13 ms. Found 0 Redis repository interfaces.
2022-03-23 11:18:57.222 [main] INFO  o.s.boot.web.embedded.tomcat.TomcatWebServer - Tomcat initialized with port(s): 9999 (http)
2022-03-23 11:18:57.232 [main] INFO  org.apache.coyote.http11.Http11NioProtocol - Initializing ProtocolHandler ["http-nio-9999"]
2022-03-23 11:18:57.233 [main] INFO  org.apache.catalina.core.StandardService - Starting service [Tomcat]
2022-03-23 11:18:57.233 [main] INFO  org.apache.catalina.core.StandardEngine - Starting Servlet engine: [Apache Tomcat/9.0.58]
2022-03-23 11:18:57.336 [main] INFO  o.a.c.core.ContainerBase.[Tomcat].[localhost].[/] - Initializing Spring embedded WebApplicationContext
2022-03-23 11:18:57.336 [main] INFO  o.s.b.w.s.c.ServletWebServerApplicationContext - Root WebApplicationContext: initialization completed in 2446 ms
2022-03-23 11:18:59.452 [main] INFO  o.s.security.web.DefaultSecurityFilterChain - Will not secure any request
2022-03-23 11:18:59.498 [main] INFO  org.apache.coyote.http11.Http11NioProtocol - Starting ProtocolHandler ["http-nio-9999"]
2022-03-23 11:18:59.512 [main] INFO  o.s.boot.web.embedded.tomcat.TomcatWebServer - Tomcat started on port(s): 9999 (http) with context path ''
2022-03-23 11:18:59.520 [main] INFO  com.xiaobai.RbacApplication - Started RbacApplication in 5.365 seconds (JVM running for 6.596)
2022-03-23 11:18:59.571 [http-nio-9999-exec-2] INFO  o.a.c.core.ContainerBase.[Tomcat].[localhost].[/] - Initializing Spring DispatcherServlet 'dispatcherServlet'
2022-03-23 11:18:59.571 [http-nio-9999-exec-2] INFO  org.springframework.web.servlet.DispatcherServlet - Initializing Servlet 'dispatcherServlet'
2022-03-23 11:18:59.573 [http-nio-9999-exec-2] INFO  org.springframework.web.servlet.DispatcherServlet - Completed initialization in 2 ms
2022-03-23 11:19:01.438 [http-nio-9999-exec-2] INFO  com.zaxxer.hikari.HikariDataSource - HikariPool-1 - Starting...
2022-03-23 11:19:01.686 [http-nio-9999-exec-2] INFO  com.zaxxer.hikari.HikariDataSource - HikariPool-1 - Start completed.
2022-03-23 11:22:40.783 [SpringApplicationShutdownHook] INFO  com.zaxxer.hikari.HikariDataSource - HikariPool-1 - Shutdown initiated...
2022-03-23 11:22:40.792 [SpringApplicationShutdownHook] INFO  com.zaxxer.hikari.HikariDataSource - HikariPool-1 - Shutdown completed.
